[debug] [2019-08-13T16:43:12.065Z] ----------------------------------------------------------------------
[debug] [2019-08-13T16:43:12.069Z] Command:       C:\Program Files\nodejs\node.exe C:\Users\Lenovo\AppData\Roaming\npm\node_modules\firebase-tools\lib\bin\firebase.js deploy --only functions
[debug] [2019-08-13T16:43:12.069Z] CLI Version:   7.2.2
[debug] [2019-08-13T16:43:12.069Z] Platform:      win32
[debug] [2019-08-13T16:43:12.069Z] Node Version:  v8.11.3
[debug] [2019-08-13T16:43:12.069Z] Time:          Tue Aug 13 2019 17:43:12 GMT+0100 (GMT Summer Time)
[debug] [2019-08-13T16:43:12.069Z] ----------------------------------------------------------------------
[debug] 
[debug] [2019-08-13T16:43:12.085Z] > command requires scopes: ["email","openid","https://www.googleapis.com/auth/cloudplatformprojects.readonly","https://www.googleapis.com/auth/firebase","https://www.googleapis.com/auth/cloud-platform"]
[debug] [2019-08-13T16:43:12.085Z] > authorizing via signed-in user
[debug] [2019-08-13T16:43:12.085Z] [iam] checking project recruiterbot-f3b6d for permissions ["cloudfunctions.functions.create","cloudfunctions.functions.delete","cloudfunctions.functions.get","cloudfunctions.functions.list","cloudfunctions.functions.update","cloudfunctions.operations.get","firebase.projects.get"]
[debug] [2019-08-13T16:43:12.089Z] >>> HTTP REQUEST POST https://cloudresourcemanager.googleapis.com/v1/projects/recruiterbot-f3b6d:testIamPermissions  

[debug] [2019-08-13T16:43:12.988Z] <<< HTTP RESPONSE 200
[info] 
[info] === Deploying to 'recruiterbot-f3b6d'...
[info] 
[info] i  deploying functions
[info] Running command: npm --prefix "$RESOURCE_DIR" run lint
[info] +  functions: Finished running predeploy script.
[debug] [2019-08-13T16:43:19.687Z] > [functions] package.json contents: {
  "name": "functions",
  "description": "Cloud Functions for Firebase",
  "scripts": {
    "lint": "eslint .",
    "serve": "firebase serve --only functions",
    "shell": "firebase functions:shell",
    "start": "npm run shell",
    "deploy": "firebase deploy --only functions",
    "logs": "firebase functions:log"
  },
  "engines": {
    "node": "8"
  },
  "dependencies": {
    "@sendgrid/client": "^6.4.0",
    "@sendgrid/mail": "^6.4.0",
    "firebase-admin": "^8.0.0",
    "firebase-functions": "^3.1.0"
  },
  "devDependencies": {
    "eslint": "^5.12.0",
    "eslint-plugin-promise": "^4.0.1",
    "firebase-functions-test": "^0.1.6"
  },
  "private": true
}
[info] i  functions: ensuring necessary APIs are enabled...
[debug] [2019-08-13T16:43:19.691Z] >>> HTTP REQUEST GET https://serviceusage.googleapis.com/v1/projects/recruiterbot-f3b6d/services/cloudfunctions.googleapis.com  
 
[debug] [2019-08-13T16:43:19.691Z] >>> HTTP REQUEST GET https://serviceusage.googleapis.com/v1/projects/recruiterbot-f3b6d/services/runtimeconfig.googleapis.com  
 
[debug] [2019-08-13T16:43:20.582Z] <<< HTTP RESPONSE 200
[debug] [2019-08-13T16:43:20.606Z] <<< HTTP RESPONSE 200
[info] +  functions: all necessary APIs are enabled
[debug] [2019-08-13T16:43:20.606Z] >>> HTTP REQUEST GET https://firebase.googleapis.com/v1beta1/projects/recruiterbot-f3b6d/adminSdkConfig  
 
[debug] [2019-08-13T16:43:20.993Z] <<< HTTP RESPONSE 200
[info] i  functions: preparing functions directory for uploading...
[debug] [2019-08-13T16:43:21.005Z] >>> HTTP REQUEST GET https://runtimeconfig.googleapis.com/v1beta1/projects/recruiterbot-f3b6d/configs  
 
[debug] [2019-08-13T16:43:21.606Z] <<< HTTP RESPONSE 200
[debug] [2019-08-13T16:43:21.610Z] >>> HTTP REQUEST GET https://runtimeconfig.googleapis.com/v1beta1/projects/recruiterbot-f3b6d/configs/sendgrid/variables  
 
[debug] [2019-08-13T16:43:21.910Z] <<< HTTP RESPONSE 200
[debug] [2019-08-13T16:43:21.910Z] >>> HTTP REQUEST GET https://runtimeconfig.googleapis.com/v1beta1/projects/recruiterbot-f3b6d/configs/sendgrid/variables/key  
 
[debug] [2019-08-13T16:43:22.212Z] <<< HTTP RESPONSE 200
[info] i  functions: packaged functions (40.62 KB) for uploading
[debug] [2019-08-13T16:43:23.003Z] >>> HTTP REQUEST POST https://cloudfunctions.googleapis.com/v1/projects/recruiterbot-f3b6d/locations/us-central1/functions:generateUploadUrl  
 
[debug] [2019-08-13T16:43:23.442Z] <<< HTTP RESPONSE 200
[debug] [2019-08-13T16:43:23.445Z] >>> HTTP REQUEST PUT https://storage.googleapis.com/gcf-upload-us-central1-72a2fbaa-ad79-4472-a302-60a975f17f80/8e00b1e4-1e5a-4c58-aaef-61bea1495095.zip?GoogleAccessId=service-844724266967@gcf-admin-robot.iam.gserviceaccount.com&Expires=1565716403&Signature=faD7Rt4a3FUOSsDulRAZFLgNzf93Jp%2FwmuUXGqT25ly2o9ymWjqp7ns8QPehJH6Mo%2BrPtffeflKhdEN%2BIba8XbGCQ%2ByAwlb4XwOxzo%2BfuUEuoldD6bmP8y%2BfHKzPAA5MEFCzijRvmuxIhpLikRBiZnnudoiBQpb1VQaDUmGlJ7HXtAGgX%2B5rdIHlNr55gCsQ3zxFOpYWD5O8wPk1uBps7B42Eiw5btsWR44yrDbnSWNvo98wfYBdJN1fdMob9p5SkdQiiDtdn4YzV%2BIWw9gaYK7N3LkDDibsFQHgk%2F7LV%2Bq8XsbMbPaHkr1vM06nzxHUsST9NQhKqETCzdbWHunRSA%3D%3D  
 <request body omitted>
[debug] [2019-08-13T16:43:23.856Z] <<< HTTP RESPONSE 200
[info] +  functions: functions folder uploaded successfully
[debug] [2019-08-13T16:43:23.864Z] >>> HTTP REQUEST GET https://cloudfunctions.googleapis.com/v1/projects/recruiterbot-f3b6d/locations/-/functions  
 
[debug] [2019-08-13T16:43:24.468Z] <<< HTTP RESPONSE 200
[info] i  functions: updating Node.js 8 function addSingleRecipientToList(us-central1)...
[debug] [2019-08-13T16:43:24.468Z] Trigger is:  {"eventTrigger":{"resource":"projects/recruiterbot-f3b6d/databases/(default)/documents/users/{userList}/campaigns/{campaign}","eventType":"providers/cloud.firestore/eventTypes/document.create","service":"firestore.googleapis.com"}}
[debug] [2019-08-13T16:43:24.472Z] >>> HTTP REQUEST GET https://serviceusage.googleapis.com/v1/projects/recruiterbot-f3b6d/services/cloudscheduler.googleapis.com  
 
